2024-01-21 00:44:07,818 - root - INFO - ************* SearchCustomerByEmail_004 **********
2024-01-21 00:44:11,488 - root - INFO - ************* Login succesful **********
2024-01-21 00:44:11,488 - root - INFO - ******* Starting Search Customer By Email **********
2024-01-21 00:44:27,120 - root - INFO - ************* searching customer by emailID **********
2024-01-21 00:44:32,210 - root - INFO - Actual email found: False
2024-01-21 00:44:32,210 - root - INFO - Expected email: 'victoria_victoria@nopCommerce.com'
2024-01-21 00:50:22,295 - root - INFO - ************* SearchCustomerByEmail_004 **********
2024-01-21 00:50:27,800 - root - INFO - ************* Login succesful **********
2024-01-21 00:50:27,801 - root - INFO - ******* Starting Search Customer By Email **********
2024-01-21 00:52:40,592 - root - INFO - ************* SearchCustomerByEmail_004 **********
2024-01-21 00:52:43,910 - root - INFO - ************* Login succesful **********
2024-01-21 00:52:43,911 - root - INFO - ******* Starting Search Customer By Email **********
2024-01-21 00:52:55,771 - root - INFO - ************* searching customer by emailID **********
2024-01-21 00:54:08,792 - root - INFO - ************* SearchCustomerByEmail_004 **********
2024-01-21 00:54:14,211 - root - INFO - ************* Login succesful **********
2024-01-21 00:54:14,211 - root - INFO - ******* Starting Search Customer By Email **********
2024-01-21 00:54:25,949 - root - INFO - ************* searching customer by emailID **********
2024-01-21 01:02:18,975 - root - INFO - ************* SearchCustomerByEmail_004 **********
2024-01-21 01:02:23,405 - root - INFO - ************* Login succesful **********
2024-01-21 01:02:23,405 - root - INFO - ******* Starting Search Customer By Email **********
2024-01-21 01:02:35,175 - root - INFO - ************* searching customer by emailID **********
2024-01-21 01:05:07,418 - root - INFO - ************* SearchCustomerByEmail_004 **********
2024-01-21 01:05:11,725 - root - INFO - ************* Login succesful **********
2024-01-21 01:05:11,725 - root - INFO - ******* Starting Search Customer By Email **********
2024-01-21 01:05:23,393 - root - INFO - ************* searching customer by emailID **********
2024-01-29 19:02:34,514 - root - INFO - ************* SearchCustomerByName_005 **********
2024-01-29 19:02:39,629 - root - INFO - ************* Login succesful **********
2024-01-29 19:02:39,629 - root - INFO - ******* Starting Search Customer By Name **********
2024-01-29 19:12:17,730 - root - INFO - ************* Test_003_AddCustomer **********
2024-01-29 19:12:17,730 - root - INFO - ************* Test_003_AddCustomer **********
2024-01-29 19:12:17,730 - root - INFO - ************* Test_003_AddCustomer **********
2024-01-29 19:12:17,730 - root - INFO - ************* Test_003_AddCustomer **********
2024-01-29 19:12:17,730 - root - INFO - ************* Test_003_AddCustomer **********
2024-01-29 19:12:21,422 - root - INFO - ************* Login succesful **********
2024-01-29 19:12:21,422 - root - INFO - ************* Login succesful **********
2024-01-29 19:12:21,422 - root - INFO - ************* Login succesful **********
2024-01-29 19:12:21,422 - root - INFO - ************* Login succesful **********
2024-01-29 19:12:21,422 - root - INFO - ************* Login succesful **********
2024-01-29 19:12:21,422 - root - INFO - ******* Starting Add Customer Test **********
2024-01-29 19:12:21,422 - root - INFO - ******* Starting Add Customer Test **********
2024-01-29 19:12:21,422 - root - INFO - ******* Starting Add Customer Test **********
2024-01-29 19:12:21,422 - root - INFO - ******* Starting Add Customer Test **********
2024-01-29 19:12:21,422 - root - INFO - ******* Starting Add Customer Test **********
2024-01-29 19:12:42,507 - root - INFO - ************* Providing customer info **********
2024-01-29 19:12:42,507 - root - INFO - ************* Providing customer info **********
2024-01-29 19:12:42,507 - root - INFO - ************* Providing customer info **********
2024-01-29 19:12:42,507 - root - INFO - ************* Providing customer info **********
2024-01-29 19:12:42,507 - root - INFO - ************* Providing customer info **********
2024-01-29 19:12:59,597 - root - INFO - ************* Saving customer info **********
2024-01-29 19:12:59,597 - root - INFO - ************* Saving customer info **********
2024-01-29 19:12:59,597 - root - INFO - ************* Saving customer info **********
2024-01-29 19:12:59,597 - root - INFO - ************* Saving customer info **********
2024-01-29 19:12:59,597 - root - INFO - ************* Saving customer info **********
2024-01-29 19:12:59,597 - root - INFO - ********* Add customer validation started *****************
2024-01-29 19:12:59,597 - root - INFO - ********* Add customer validation started *****************
2024-01-29 19:12:59,597 - root - INFO - ********* Add customer validation started *****************
2024-01-29 19:12:59,597 - root - INFO - ********* Add customer validation started *****************
2024-01-29 19:12:59,597 - root - INFO - ********* Add customer validation started *****************
2024-01-29 19:13:09,684 - root - INFO - ********* Add customer Test Passed *********
2024-01-29 19:13:09,684 - root - INFO - ********* Add customer Test Passed *********
2024-01-29 19:13:09,684 - root - INFO - ********* Add customer Test Passed *********
2024-01-29 19:13:09,684 - root - INFO - ********* Add customer Test Passed *********
2024-01-29 19:13:09,684 - root - INFO - ********* Add customer Test Passed *********
2024-01-29 19:13:09,796 - root - INFO - ******* Ending Add customer test **********
2024-01-29 19:13:09,796 - root - INFO - ******* Ending Add customer test **********
2024-01-29 19:13:09,796 - root - INFO - ******* Ending Add customer test **********
2024-01-29 19:13:09,796 - root - INFO - ******* Ending Add customer test **********
2024-01-29 19:13:09,796 - root - INFO - ******* Ending Add customer test **********
2024-01-29 19:13:11,030 - root - INFO - ************* Login test is started ************
2024-01-29 19:13:11,030 - root - INFO - ************* Login test is started ************
2024-01-29 19:13:11,030 - root - INFO - ************* Login test is started ************
2024-01-29 19:13:11,030 - root - INFO - ************* Login test is started ************
2024-01-29 19:13:11,030 - root - INFO - ************* Login test is started ************
2024-01-29 19:13:14,723 - root - INFO - ************* Login test title is PASSED ************
2024-01-29 19:13:14,723 - root - INFO - ************* Login test title is PASSED ************
2024-01-29 19:13:14,723 - root - INFO - ************* Login test title is PASSED ************
2024-01-29 19:13:14,723 - root - INFO - ************* Login test title is PASSED ************
2024-01-29 19:13:14,723 - root - INFO - ************* Login test title is PASSED ************
2024-01-29 19:23:50,224 - root - INFO - ************* SearchCustomerByEmail_004 **********
2024-01-29 19:23:53,540 - root - INFO - ************* Login succesful **********
2024-01-29 19:23:53,540 - root - INFO - ******* Starting Search Customer By Email **********
2024-01-29 19:24:05,400 - root - INFO - ************* searching customer by emailID **********
2024-01-29 19:26:48,293 - root - INFO - ************* SearchCustomerByName_005 **********
2024-01-29 19:26:51,582 - root - INFO - ************* Login succesful **********
2024-01-29 19:26:51,582 - root - INFO - ******* Starting Search Customer By Name **********
2024-01-29 19:29:02,514 - root - INFO - ************* SearchCustomerByName_005 **********
2024-01-29 19:29:08,102 - root - INFO - ************* Login succesful **********
2024-01-29 19:29:08,102 - root - INFO - ******* Starting Search Customer By Name **********
2024-01-29 19:30:47,252 - root - INFO - ************* SearchCustomerByName_005 **********
2024-01-29 19:30:50,801 - root - INFO - ************* Login succesful **********
2024-01-29 19:30:50,802 - root - INFO - ******* Starting Search Customer By Name **********
2024-01-29 19:31:55,364 - root - INFO - ************* SearchCustomerByName_005 **********
2024-01-29 19:31:59,316 - root - INFO - ************* Login succesful **********
2024-01-29 19:31:59,316 - root - INFO - ******* Starting Search Customer By Name **********
2024-01-29 19:32:11,084 - root - INFO - ************* searching customer by Name **********
2024-01-29 19:34:32,298 - root - INFO - ************* SearchCustomerByName_005 **********
2024-01-29 19:34:35,512 - root - INFO - ************* Login succesful **********
2024-01-29 19:34:35,512 - root - INFO - ******* Starting Search Customer By Name **********
2024-01-29 19:34:47,234 - root - INFO - ************* searching customer by Name **********
2024-01-29 19:37:49,031 - root - INFO - ************* SearchCustomerByName_005 **********
2024-01-29 19:37:53,506 - root - INFO - ************* Login succesful **********
2024-01-29 19:37:53,506 - root - INFO - ******* Starting Search Customer By Name **********
2024-01-29 19:40:22,772 - root - INFO - ************* SearchCustomerByName_005 **********
2024-01-29 19:40:26,501 - root - INFO - ************* Login succesful **********
2024-01-29 19:40:26,501 - root - INFO - ******* Starting Search Customer By Name **********
2024-01-29 19:40:38,367 - root - INFO - ************* searching customer by Name **********
2024-01-29 19:42:26,241 - root - INFO - ************* SearchCustomerByName_005 **********
2024-01-29 19:42:28,871 - root - INFO - ************* Login succesful **********
2024-01-29 19:42:28,871 - root - INFO - ******* Starting Search Customer By Name **********
2024-01-29 19:42:39,934 - root - INFO - ************* searching customer by Name **********
2024-01-29 19:46:10,812 - root - INFO - ************* SearchCustomerByName_005 **********
2024-01-29 19:46:15,745 - root - INFO - ************* Login succesful **********
2024-01-29 19:46:15,746 - root - INFO - ******* Starting Search Customer By Name **********
2024-01-29 19:47:15,791 - root - INFO - ************* SearchCustomerByName_005 **********
2024-01-29 19:47:19,052 - root - INFO - ************* Login succesful **********
2024-01-29 19:47:19,052 - root - INFO - ******* Starting Search Customer By Name **********
2024-01-29 19:47:35,754 - root - INFO - ************* searching customer by Name **********
2024-01-29 19:51:31,944 - root - INFO - ************* SearchCustomerByName_005 **********
2024-01-29 19:51:35,255 - root - INFO - ************* Login succesful **********
2024-01-29 19:51:35,255 - root - INFO - ******* Starting Search Customer By Name **********
2024-01-29 19:51:51,988 - root - INFO - ************* searching customer by Name **********
2024-01-29 22:54:37,270 - root - INFO - ************* Test_003_AddCustomer **********
2024-01-29 22:54:37,270 - root - INFO - ************* Test_003_AddCustomer **********
2024-01-29 22:54:37,270 - root - INFO - ************* Test_003_AddCustomer **********
2024-01-29 22:54:37,270 - root - INFO - ************* Test_003_AddCustomer **********
2024-01-29 22:54:37,270 - root - INFO - ************* Test_003_AddCustomer **********
2024-01-29 22:54:41,547 - root - INFO - ************* Login succesful **********
2024-01-29 22:54:41,547 - root - INFO - ************* Login succesful **********
2024-01-29 22:54:41,547 - root - INFO - ************* Login succesful **********
2024-01-29 22:54:41,547 - root - INFO - ************* Login succesful **********
2024-01-29 22:54:41,547 - root - INFO - ************* Login succesful **********
2024-01-29 22:54:41,547 - root - INFO - ******* Starting Add Customer Test **********
2024-01-29 22:54:41,547 - root - INFO - ******* Starting Add Customer Test **********
2024-01-29 22:54:41,547 - root - INFO - ******* Starting Add Customer Test **********
2024-01-29 22:54:41,547 - root - INFO - ******* Starting Add Customer Test **********
2024-01-29 22:54:41,547 - root - INFO - ******* Starting Add Customer Test **********
2024-01-29 22:55:02,816 - root - INFO - ************* Providing customer info **********
2024-01-29 22:55:02,816 - root - INFO - ************* Providing customer info **********
2024-01-29 22:55:02,816 - root - INFO - ************* Providing customer info **********
2024-01-29 22:55:02,816 - root - INFO - ************* Providing customer info **********
2024-01-29 22:55:02,816 - root - INFO - ************* Providing customer info **********
2024-01-29 22:55:20,110 - root - INFO - ************* Saving customer info **********
2024-01-29 22:55:20,110 - root - INFO - ************* Saving customer info **********
2024-01-29 22:55:20,110 - root - INFO - ************* Saving customer info **********
2024-01-29 22:55:20,110 - root - INFO - ************* Saving customer info **********
2024-01-29 22:55:20,110 - root - INFO - ************* Saving customer info **********
2024-01-29 22:55:20,110 - root - INFO - ********* Add customer validation started *****************
2024-01-29 22:55:20,110 - root - INFO - ********* Add customer validation started *****************
2024-01-29 22:55:20,110 - root - INFO - ********* Add customer validation started *****************
2024-01-29 22:55:20,110 - root - INFO - ********* Add customer validation started *****************
2024-01-29 22:55:20,110 - root - INFO - ********* Add customer validation started *****************
2024-01-29 22:55:30,197 - root - INFO - ********* Add customer Test Passed *********
2024-01-29 22:55:30,197 - root - INFO - ********* Add customer Test Passed *********
2024-01-29 22:55:30,197 - root - INFO - ********* Add customer Test Passed *********
2024-01-29 22:55:30,197 - root - INFO - ********* Add customer Test Passed *********
2024-01-29 22:55:30,197 - root - INFO - ********* Add customer Test Passed *********
2024-01-29 22:55:30,309 - root - INFO - ******* Ending Add customer test **********
2024-01-29 22:55:30,309 - root - INFO - ******* Ending Add customer test **********
2024-01-29 22:55:30,309 - root - INFO - ******* Ending Add customer test **********
2024-01-29 22:55:30,309 - root - INFO - ******* Ending Add customer test **********
2024-01-29 22:55:30,309 - root - INFO - ******* Ending Add customer test **********
2024-01-29 22:55:31,532 - root - INFO - ************* Login test is started ************
2024-01-29 22:55:31,532 - root - INFO - ************* Login test is started ************
2024-01-29 22:55:31,532 - root - INFO - ************* Login test is started ************
2024-01-29 22:55:31,532 - root - INFO - ************* Login test is started ************
2024-01-29 22:55:31,532 - root - INFO - ************* Login test is started ************
2024-01-29 22:55:36,466 - root - INFO - ************* Login test title is PASSED ************
2024-01-29 22:55:36,466 - root - INFO - ************* Login test title is PASSED ************
2024-01-29 22:55:36,466 - root - INFO - ************* Login test title is PASSED ************
2024-01-29 22:55:36,466 - root - INFO - ************* Login test title is PASSED ************
2024-01-29 22:55:36,466 - root - INFO - ************* Login test title is PASSED ************
2024-01-29 23:03:43,917 - root - INFO - ************* Test_003_AddCustomer **********
2024-01-29 23:03:43,917 - root - INFO - ************* Test_003_AddCustomer **********
2024-01-29 23:03:43,917 - root - INFO - ************* Test_003_AddCustomer **********
2024-01-29 23:03:43,917 - root - INFO - ************* Test_003_AddCustomer **********
2024-01-29 23:03:43,917 - root - INFO - ************* Test_003_AddCustomer **********
2024-01-29 23:03:47,375 - root - INFO - ************* Login succesful **********
2024-01-29 23:03:47,375 - root - INFO - ************* Login succesful **********
2024-01-29 23:03:47,375 - root - INFO - ************* Login succesful **********
2024-01-29 23:03:47,375 - root - INFO - ************* Login succesful **********
2024-01-29 23:03:47,375 - root - INFO - ************* Login succesful **********
2024-01-29 23:03:47,375 - root - INFO - ******* Starting Add Customer Test **********
2024-01-29 23:03:47,375 - root - INFO - ******* Starting Add Customer Test **********
2024-01-29 23:03:47,375 - root - INFO - ******* Starting Add Customer Test **********
2024-01-29 23:03:47,375 - root - INFO - ******* Starting Add Customer Test **********
2024-01-29 23:03:47,375 - root - INFO - ******* Starting Add Customer Test **********
2024-01-29 23:04:08,387 - root - INFO - ************* Providing customer info **********
2024-01-29 23:04:08,387 - root - INFO - ************* Providing customer info **********
2024-01-29 23:04:08,387 - root - INFO - ************* Providing customer info **********
2024-01-29 23:04:08,387 - root - INFO - ************* Providing customer info **********
2024-01-29 23:04:08,387 - root - INFO - ************* Providing customer info **********
2024-01-29 23:04:25,496 - root - INFO - ************* Saving customer info **********
2024-01-29 23:04:25,496 - root - INFO - ************* Saving customer info **********
2024-01-29 23:04:25,496 - root - INFO - ************* Saving customer info **********
2024-01-29 23:04:25,496 - root - INFO - ************* Saving customer info **********
2024-01-29 23:04:25,496 - root - INFO - ************* Saving customer info **********
2024-01-29 23:04:25,496 - root - INFO - ********* Add customer validation started *****************
2024-01-29 23:04:25,496 - root - INFO - ********* Add customer validation started *****************
2024-01-29 23:04:25,496 - root - INFO - ********* Add customer validation started *****************
2024-01-29 23:04:25,496 - root - INFO - ********* Add customer validation started *****************
2024-01-29 23:04:25,496 - root - INFO - ********* Add customer validation started *****************
2024-01-29 23:04:35,588 - root - INFO - ********* Add customer Test Passed *********
2024-01-29 23:04:35,588 - root - INFO - ********* Add customer Test Passed *********
2024-01-29 23:04:35,588 - root - INFO - ********* Add customer Test Passed *********
2024-01-29 23:04:35,588 - root - INFO - ********* Add customer Test Passed *********
2024-01-29 23:04:35,588 - root - INFO - ********* Add customer Test Passed *********
2024-01-29 23:04:35,700 - root - INFO - ******* Ending Add customer test **********
2024-01-29 23:04:35,700 - root - INFO - ******* Ending Add customer test **********
2024-01-29 23:04:35,700 - root - INFO - ******* Ending Add customer test **********
2024-01-29 23:04:35,700 - root - INFO - ******* Ending Add customer test **********
2024-01-29 23:04:35,700 - root - INFO - ******* Ending Add customer test **********
2024-01-29 23:04:36,799 - root - INFO - ************* Login test is started ************
2024-01-29 23:04:36,799 - root - INFO - ************* Login test is started ************
2024-01-29 23:04:36,799 - root - INFO - ************* Login test is started ************
2024-01-29 23:04:36,799 - root - INFO - ************* Login test is started ************
2024-01-29 23:04:36,799 - root - INFO - ************* Login test is started ************
2024-01-29 23:04:41,787 - root - INFO - ************* Login test title is PASSED ************
2024-01-29 23:04:41,787 - root - INFO - ************* Login test title is PASSED ************
2024-01-29 23:04:41,787 - root - INFO - ************* Login test title is PASSED ************
2024-01-29 23:04:41,787 - root - INFO - ************* Login test title is PASSED ************
2024-01-29 23:04:41,787 - root - INFO - ************* Login test title is PASSED ************
2024-01-29 23:06:18,478 - root - INFO - ************* Test_003_AddCustomer **********
2024-01-29 23:06:18,478 - root - INFO - ************* Test_003_AddCustomer **********
2024-01-29 23:06:18,478 - root - INFO - ************* Test_003_AddCustomer **********
2024-01-29 23:06:18,478 - root - INFO - ************* Test_003_AddCustomer **********
2024-01-29 23:06:18,478 - root - INFO - ************* Test_003_AddCustomer **********
2024-01-29 23:06:26,176 - root - INFO - ************* Login succesful **********
2024-01-29 23:06:26,176 - root - INFO - ************* Login succesful **********
2024-01-29 23:06:26,176 - root - INFO - ************* Login succesful **********
2024-01-29 23:06:26,176 - root - INFO - ************* Login succesful **********
2024-01-29 23:06:26,176 - root - INFO - ************* Login succesful **********
2024-01-29 23:06:26,176 - root - INFO - ******* Starting Add Customer Test **********
2024-01-29 23:06:26,176 - root - INFO - ******* Starting Add Customer Test **********
2024-01-29 23:06:26,176 - root - INFO - ******* Starting Add Customer Test **********
2024-01-29 23:06:26,176 - root - INFO - ******* Starting Add Customer Test **********
2024-01-29 23:06:26,176 - root - INFO - ******* Starting Add Customer Test **********
2024-01-29 23:09:23,925 - root - INFO - ************* Test_003_AddCustomer **********
2024-01-29 23:09:23,925 - root - INFO - ************* Test_003_AddCustomer **********
2024-01-29 23:09:23,925 - root - INFO - ************* Test_003_AddCustomer **********
2024-01-29 23:09:23,925 - root - INFO - ************* Test_003_AddCustomer **********
2024-01-29 23:09:23,925 - root - INFO - ************* Test_003_AddCustomer **********
2024-01-29 23:09:28,686 - root - INFO - ************* Login succesful **********
2024-01-29 23:09:28,686 - root - INFO - ************* Login succesful **********
2024-01-29 23:09:28,686 - root - INFO - ************* Login succesful **********
2024-01-29 23:09:28,686 - root - INFO - ************* Login succesful **********
2024-01-29 23:09:28,686 - root - INFO - ************* Login succesful **********
2024-01-29 23:09:28,686 - root - INFO - ******* Starting Add Customer Test **********
2024-01-29 23:09:28,686 - root - INFO - ******* Starting Add Customer Test **********
2024-01-29 23:09:28,686 - root - INFO - ******* Starting Add Customer Test **********
2024-01-29 23:09:28,686 - root - INFO - ******* Starting Add Customer Test **********
2024-01-29 23:09:28,686 - root - INFO - ******* Starting Add Customer Test **********
2024-01-29 23:09:50,879 - root - INFO - ************* Providing customer info **********
2024-01-29 23:09:50,879 - root - INFO - ************* Providing customer info **********
2024-01-29 23:09:50,879 - root - INFO - ************* Providing customer info **********
2024-01-29 23:09:50,879 - root - INFO - ************* Providing customer info **********
2024-01-29 23:09:50,879 - root - INFO - ************* Providing customer info **********
2024-01-29 23:10:08,845 - root - INFO - ************* Saving customer info **********
2024-01-29 23:10:08,845 - root - INFO - ************* Saving customer info **********
2024-01-29 23:10:08,845 - root - INFO - ************* Saving customer info **********
2024-01-29 23:10:08,845 - root - INFO - ************* Saving customer info **********
2024-01-29 23:10:08,845 - root - INFO - ************* Saving customer info **********
2024-01-29 23:10:08,846 - root - INFO - ********* Add customer validation started *****************
2024-01-29 23:10:08,846 - root - INFO - ********* Add customer validation started *****************
2024-01-29 23:10:08,846 - root - INFO - ********* Add customer validation started *****************
2024-01-29 23:10:08,846 - root - INFO - ********* Add customer validation started *****************
2024-01-29 23:10:08,846 - root - INFO - ********* Add customer validation started *****************
2024-01-29 23:10:19,086 - root - INFO - ********* Add customer Test Passed *********
2024-01-29 23:10:19,086 - root - INFO - ********* Add customer Test Passed *********
2024-01-29 23:10:19,086 - root - INFO - ********* Add customer Test Passed *********
2024-01-29 23:10:19,086 - root - INFO - ********* Add customer Test Passed *********
2024-01-29 23:10:19,086 - root - INFO - ********* Add customer Test Passed *********
2024-01-29 23:10:19,439 - root - INFO - ******* Ending Add customer test **********
2024-01-29 23:10:19,439 - root - INFO - ******* Ending Add customer test **********
2024-01-29 23:10:19,439 - root - INFO - ******* Ending Add customer test **********
2024-01-29 23:10:19,439 - root - INFO - ******* Ending Add customer test **********
2024-01-29 23:10:19,439 - root - INFO - ******* Ending Add customer test **********
2024-01-29 23:10:21,047 - root - INFO - ************* Login test is started ************
2024-01-29 23:10:21,047 - root - INFO - ************* Login test is started ************
2024-01-29 23:10:21,047 - root - INFO - ************* Login test is started ************
2024-01-29 23:10:21,047 - root - INFO - ************* Login test is started ************
2024-01-29 23:10:21,047 - root - INFO - ************* Login test is started ************
2024-01-29 23:10:23,800 - root - INFO - ************* Login test title is PASSED ************
2024-01-29 23:10:23,800 - root - INFO - ************* Login test title is PASSED ************
2024-01-29 23:10:23,800 - root - INFO - ************* Login test title is PASSED ************
2024-01-29 23:10:23,800 - root - INFO - ************* Login test title is PASSED ************
2024-01-29 23:10:23,800 - root - INFO - ************* Login test title is PASSED ************
